[debug] [2018-12-12T07:29:27.426Z] ----------------------------------------------------------------------
[debug] [2018-12-12T07:29:27.428Z] Command:       C:\Program Files\nodejs\node.exe C:\Users\Raja Denesh\AppData\Roaming\npm\node_modules\firebase-tools\lib\bin\firebase.js serve
[debug] [2018-12-12T07:29:27.429Z] CLI Version:   6.1.2
[debug] [2018-12-12T07:29:27.429Z] Platform:      win32
[debug] [2018-12-12T07:29:27.429Z] Node Version:  v8.12.0
[debug] [2018-12-12T07:29:27.429Z] Time:          Wed Dec 12 2018 12:59:27 GMT+0530 (India Standard Time)
[debug] [2018-12-12T07:29:27.429Z] ----------------------------------------------------------------------
[debug] 
[debug] [2018-12-12T07:29:27.437Z] > command requires scopes: ["email","openid","https://www.googleapis.com/auth/cloudplatformprojects.readonly","https://www.googleapis.com/auth/firebase","https://www.googleapis.com/auth/cloud-platform"]
[debug] [2018-12-12T07:29:27.438Z] > authorizing via signed-in user
[debug] [2018-12-12T07:29:27.438Z] [iam] checking project unityindianews-dc165 for permissions ["firebase.projects.get"]
[debug] [2018-12-12T07:29:27.440Z] >>> HTTP REQUEST POST https://cloudresourcemanager.googleapis.com/v1/projects/unityindianews-dc165:testIamPermissions  

[debug] [2018-12-12T07:29:28.928Z] <<< HTTP RESPONSE 200
[debug] [2018-12-12T07:29:28.929Z] >>> HTTP REQUEST GET https://cloudresourcemanager.googleapis.com/v1/projects/unityindianews-dc165  
 
[debug] [2018-12-12T07:29:29.958Z] <<< HTTP RESPONSE 200
[info] 
[info] === Serving from 'D:\@rajadhaensh\UIN\graphene'...
[info] 
[debug] [2018-12-12T07:29:29.967Z] >>> HTTP REQUEST GET https://mobilesdk-pa.googleapis.com/v1/projects/442134187576/clients/_:getWebAppConfig  
 
[debug] [2018-12-12T07:29:31.625Z] <<< HTTP RESPONSE 200
[info] i  hosting: Serving hosting files from: dist
[info] +  hosting: Local server: http://localhost:5000
